<?xml version="1.0" encoding="UTF-8"?>
<!-- Generated by org.testng.reporters.JUnitReportReporter -->
<testsuite hostname="GUNJANs-MacBook-Air.local" failures="0" tests="3" name="com.APITestSample.APITest1" time="8.072" errors="0" timestamp="2026-03-11T01:39:08 IST" skipped="0">
  <testcase classname="com.APITestSample.APITest1" name="getAPI" time="1.984"/>
  <testcase classname="com.APITestSample.APITest1" name="updateAPI" time="2.897"/>
  <testcase classname="com.APITestSample.APITest1" name="addAPI" time="3.191"/>
</testsuite> <!-- com.APITestSample.APITest1 -->
