<?xml version="1.0" encoding="UTF-8"?>
<testng-results ignored="0" total="3" passed="3" failed="0" skipped="0">
  <reporter-output>
  </reporter-output>
  <suite started-at="2026-03-11T01:39:00 IST" name="Default suite" finished-at="2026-03-11T01:39:08 IST" duration-ms="8127">
    <groups>
    </groups>
    <test started-at="2026-03-11T01:39:00 IST" name="Default test" finished-at="2026-03-11T01:39:08 IST" duration-ms="8127">
      <class name="com.APITestSample.APITest1">
        <test-method signature="addAPI()[pri:0, instance:com.APITestSample.APITest1@1fa268de]" started-at="2026-03-11T01:39:00 IST" name="addAPI" finished-at="2026-03-11T01:39:03 IST" duration-ms="3191" status="PASS">
          <reporter-output>
          </reporter-output>
        </test-method> <!-- addAPI -->
        <test-method signature="updateAPI()[pri:0, instance:com.APITestSample.APITest1@1fa268de]" started-at="2026-03-11T01:39:03 IST" name="updateAPI" finished-at="2026-03-11T01:39:06 IST" depends-on-methods="com.APITestSample.APITest1.addAPI" duration-ms="2897" status="PASS">
          <reporter-output>
          </reporter-output>
        </test-method> <!-- updateAPI -->
        <test-method signature="getAPI()[pri:0, instance:com.APITestSample.APITest1@1fa268de]" started-at="2026-03-11T01:39:06 IST" name="getAPI" finished-at="2026-03-11T01:39:08 IST" depends-on-methods="com.APITestSample.APITest1.updateAPI" duration-ms="1984" status="PASS">
          <reporter-output>
          </reporter-output>
        </test-method> <!-- getAPI -->
      </class> <!-- com.APITestSample.APITest1 -->
    </test> <!-- Default test -->
  </suite> <!-- Default suite -->
</testng-results>
