<?xml version="1.0" encoding="UTF-8"?>
<!-- Generated by org.testng.reporters.JUnitXMLReporter -->
<testsuite ignored="0" hostname="GUNJANs-MacBook-Air.local" failures="0" tests="3" name="Default test" time="8.127" errors="0" timestamp="2026-03-11T01:39:08 IST">
  <testcase classname="com.APITestSample.APITest1" name="addAPI" time="3.191"/>
  <testcase classname="com.APITestSample.APITest1" name="updateAPI" time="2.897"/>
  <testcase classname="com.APITestSample.APITest1" name="getAPI" time="1.984"/>
</testsuite> <!-- Default test -->
